<?xml version="1.0" encoding="UTF-8"?>
<!-- Generated by org.testng.reporters.JUnitXMLReporter -->
<testsuite ignored="0" hostname="PTDELL0040" failures="0" tests="4" name="Test" time="7.956" errors="0" timestamp="2024-02-23T14:44:08 IST">
  <testcase classname="api.test.UserTests" name="testCreateUser" time="3.728"/>
  <testcase classname="api.test.UserTests" name="testgetUser" time="1.124"/>
  <testcase classname="api.test.UserTests" name="testUpdateUser" time="1.222"/>
  <testcase classname="api.test.UserTests" name="testDeleteUser" time="1.134"/>
</testsuite> <!-- Test -->
