<?xml version="1.0" encoding="UTF-8"?>
<testng-results ignored="0" total="4" passed="4" failed="0" skipped="0">
  <reporter-output>
  </reporter-output>
  <suite started-at="2024-02-23T14:44:00 IST" name="Suite" finished-at="2024-02-23T14:44:08 IST" duration-ms="7956">
    <groups>
    </groups>
    <test started-at="2024-02-23T14:44:00 IST" name="Test" finished-at="2024-02-23T14:44:08 IST" duration-ms="7956">
      <class name="api.test.UserTests">
        <test-method is-config="true" signature="intializeVariables()[pri:0, instance:api.test.UserTests@14fc5f04]" started-at="2024-02-23T14:44:00 IST" name="intializeVariables" finished-at="2024-02-23T14:44:00 IST" duration-ms="6" status="PASS">
          <reporter-output>
          </reporter-output>
        </test-method> <!-- intializeVariables -->
        <test-method is-config="true" signature="setupData()[pri:0, instance:api.test.UserTests@14fc5f04]" started-at="2024-02-23T14:44:00 IST" name="setupData" finished-at="2024-02-23T14:44:00 IST" duration-ms="242" status="PASS">
          <reporter-output>
          </reporter-output>
        </test-method> <!-- setupData -->
        <test-method signature="testCreateUser()[pri:1, instance:api.test.UserTests@14fc5f04]" started-at="2024-02-23T14:44:00 IST" name="testCreateUser" finished-at="2024-02-23T14:44:04 IST" duration-ms="3728" status="PASS">
          <reporter-output>
          </reporter-output>
        </test-method> <!-- testCreateUser -->
        <test-method signature="testgetUser()[pri:2, instance:api.test.UserTests@14fc5f04]" started-at="2024-02-23T14:44:04 IST" name="testgetUser" finished-at="2024-02-23T14:44:05 IST" duration-ms="1124" status="PASS">
          <reporter-output>
          </reporter-output>
        </test-method> <!-- testgetUser -->
        <test-method signature="testUpdateUser()[pri:3, instance:api.test.UserTests@14fc5f04]" started-at="2024-02-23T14:44:05 IST" name="testUpdateUser" finished-at="2024-02-23T14:44:06 IST" duration-ms="1222" status="PASS">
          <reporter-output>
          </reporter-output>
        </test-method> <!-- testUpdateUser -->
        <test-method signature="testDeleteUser()[pri:4, instance:api.test.UserTests@14fc5f04]" started-at="2024-02-23T14:44:06 IST" name="testDeleteUser" finished-at="2024-02-23T14:44:08 IST" duration-ms="1134" status="PASS">
          <reporter-output>
          </reporter-output>
        </test-method> <!-- testDeleteUser -->
      </class> <!-- api.test.UserTests -->
    </test> <!-- Test -->
  </suite> <!-- Suite -->
</testng-results>
